<?xml version="1.0" encoding="UTF-8"?>
<testng-results ignored="0" total="1" passed="1" failed="0" skipped="0">
  <reporter-output>
  </reporter-output>
  <suite started-at="2023-12-17T20:22:13 IST" name="Suite" finished-at="2023-12-17T20:22:48 IST" duration-ms="34580">
    <groups>
    </groups>
    <test started-at="2023-12-17T20:22:13 IST" name="eBanking" finished-at="2023-12-17T20:22:48 IST" duration-ms="34580">
      <class name="eBanking.testCase.TC_NewCustomerTest">
        <test-method is-config="true" signature="setup(java.lang.String)[pri:0, instance:eBanking.testCase.TC_NewCustomerTest@35229f85]" started-at="2023-12-17T20:22:13 IST" name="setup" finished-at="2023-12-17T20:22:27 IST" duration-ms="13223" status="PASS">
          <params>
            <param index="0">
              <value>
                <![CDATA[chrome]]>
              </value>
            </param>
          </params>
          <reporter-output>
          </reporter-output>
        </test-method> <!-- setup -->
        <test-method signature="addNewCustomer()[pri:0, instance:eBanking.testCase.TC_NewCustomerTest@35229f85]" started-at="2023-12-17T20:22:27 IST" name="addNewCustomer" finished-at="2023-12-17T20:22:47 IST" duration-ms="20660" status="PASS">
          <reporter-output>
          </reporter-output>
        </test-method> <!-- addNewCustomer -->
        <test-method is-config="true" signature="tearDown()[pri:0, instance:eBanking.testCase.TC_NewCustomerTest@35229f85]" started-at="2023-12-17T20:22:47 IST" name="tearDown" finished-at="2023-12-17T20:22:48 IST" duration-ms="580" status="PASS">
          <reporter-output>
          </reporter-output>
        </test-method> <!-- tearDown -->
      </class> <!-- eBanking.testCase.TC_NewCustomerTest -->
    </test> <!-- eBanking -->
  </suite> <!-- Suite -->
</testng-results>
